<?xml version="1.0" encoding="UTF-8"?>
<!-- Generated by org.testng.reporters.JUnitReportReporter -->
<testsuite hostname="LAPTOP-DB01SB4T" failures="0" tests="2" name="Rahulshettyacademy.SeleniumTest" time="0.015" errors="0" timestamp="2020-07-22T21:43:34 AEST" skipped="0">
  <testcase classname="Rahulshettyacademy.SeleniumTest" name="ElementsUI" time="0.002"/>
  <system-out/>
  <testcase classname="Rahulshettyacademy.SeleniumTest" name="BrowserAutomation" time="0.013"/>
  <system-out/>
</testsuite> <!-- Rahulshettyacademy.SeleniumTest -->
