<?xml version="1.0" encoding="UTF-8"?>
<!-- Generated by org.testng.reporters.JUnitReportReporter -->
<testsuite hostname="LAPTOP-DB01SB4T" failures="0" tests="2" name="Rahulshettyacademy.RESTAPITest" time="0.011" errors="0" timestamp="2020-07-22T21:44:06 AEST" skipped="0">
  <testcase classname="Rahulshettyacademy.RESTAPITest" name="PostJira" time="0.002"/>
  <system-out/>
  <testcase classname="Rahulshettyacademy.RESTAPITest" name="DeleteTwitter" time="0.009"/>
  <system-out/>
</testsuite> <!-- Rahulshettyacademy.RESTAPITest -->
