<?xml version="1.0" encoding="UTF-8"?>
<!-- Generated by org.testng.reporters.JUnitReportReporter -->
<testsuite hostname="LAPTOP-DB01SB4T" failures="0" tests="2" name="Rahulshettyacademy.RESTAPITest" time="0.001" errors="0" timestamp="2020-07-21T21:52:41 AEST" skipped="0">
  <testcase classname="Rahulshettyacademy.RESTAPITest" name="PostJira" time="0.001"/>
  <system-out/>
  <testcase classname="Rahulshettyacademy.RESTAPITest" name="DeleteTwitter" time="0.000"/>
  <system-out/>
</testsuite> <!-- Rahulshettyacademy.RESTAPITest -->
